<?xml version="1.0" encoding="UTF-8"?>
<!-- Generated by org.testng.reporters.JUnitReportReporter -->
<testsuite hostname="DucAnh" failures="0" tests="1" name="com.pop.tests.SearchTest" time="24.230" errors="0" timestamp="2020-05-05T17:30:19 ICT" skipped="0">
  <testcase classname="com.pop.tests.SearchTest" name="Search5" time="24.230"/>
  <system-out/>
</testsuite> <!-- com.pop.tests.SearchTest -->
