<?xml version="1.0" encoding="UTF-8"?>
<!-- Generated by org.testng.reporters.JUnitReportReporter -->
<testsuite hostname="DucAnh" failures="0" tests="1" name="com.pop.tests.NewLetter" time="24.231" errors="0" timestamp="2020-05-04T16:43:06 ICT" skipped="0">
  <testcase classname="com.pop.tests.NewLetter" name="submitNewLetter" time="24.231"/>
  <system-out/>
</testsuite> <!-- com.pop.tests.NewLetter -->
