<?xml version="1.0" encoding="UTF-8"?>
<!-- Generated by org.testng.reporters.JUnitReportReporter -->
<testsuite hostname="DESKTOP-DSGLPDL" failures="0" tests="1" name="com.pop.tests.LoginTest" time="80.389" errors="0" timestamp="2020-05-24T14:56:21 ICT" skipped="0">
  <testcase classname="com.pop.tests.LoginTest" name="Login" time="80.389"/>
  <system-out/>
</testsuite> <!-- com.pop.tests.LoginTest -->
