<?xml version="1.0" encoding="UTF-8"?>
<!-- Generated by org.testng.reporters.JUnitReportReporter -->
<testsuite hostname="DucAnh" failures="0" tests="1" name="com.pop.tests.HomeTest" time="11.138" errors="0" timestamp="2020-05-04T14:45:17 ICT" skipped="0">
  <testcase classname="com.pop.tests.HomeTest" name="submitNewLetter" time="11.138"/>
  <system-out/>
</testsuite> <!-- com.pop.tests.HomeTest -->
