<?xml version="1.0" encoding="UTF-8"?>
<!-- Generated by org.testng.reporters.JUnitReportReporter -->
<testsuite hostname="DucAnh" failures="0" tests="2" name="com.pop.tests.CreateAccountTest" time="15.732" errors="0" timestamp="2020-05-04T09:32:56 ICT" skipped="1">
  <testcase classname="com.pop.tests.CreateAccountTest" name="createAccount" time="15.732"/>
  <system-out/>
  <testcase classname="com.pop.tests.CreateAccountTest" name="createAccountInvalid">
    <skipped/>
  </testcase> <!-- createAccountInvalid -->
  <system-out/>
</testsuite> <!-- com.pop.tests.CreateAccountTest -->
